<?xml version="1.0" encoding="UTF-8"?>
<!-- Generated by org.testng.reporters.JUnitReportReporter -->
<testsuite hostname="LAPTOP-NOGQC7GJ" failures="0" tests="1" name="com.htc.features.RocheLoginTest" time="12.193" errors="0" timestamp="01 Jun 2021 15:23:26 GMT" skipped="0">
  <testcase classname="com.htc.features.RocheLoginTest" name="Login" time="12.193"/>
</testsuite> <!-- com.htc.features.RocheLoginTest -->
